This file contains any messages produced by compilers while
running configure, to aid debugging if configure makes a mistake.

It was created by gc configure 6.4, which was
generated by GNU Autoconf 2.59.  Invocation command line was

  $ ./configure 

## --------- ##
## Platform. ##
## --------- ##

hostname = qianyi-Lenovo-G480
uname -m = i686
uname -r = 3.5.0-39-generic
uname -s = Linux
uname -v = #60-Ubuntu SMP Tue Aug 13 18:35:04 UTC 2013

/usr/bin/uname -p = unknown
/bin/uname -X     = unknown

/bin/arch              = unknown
/usr/bin/arch -k       = unknown
/usr/convex/getsysinfo = unknown
hostinfo               = unknown
/bin/machine           = unknown
/usr/bin/oslevel       = unknown
/bin/universe          = unknown

PATH: /usr/local/development/jdk1.7.0_04/bin
PATH: /usr/local/development/jdk1.7.0_04/jre/bin
PATH: /usr/lib/lightdm/lightdm
PATH: /usr/local/bin
PATH: /usr/bin
PATH: /bin
PATH: /usr/java/jdk1.7.0_17/bin
PATH: /usr/java/jdk1.7.0_17/jre/bin
PATH: /usr/java/jdk1.7.0_17/bin
PATH: /home/qianyi/android/adt-bundle-linux-x86-20130522/sdk/tools/


## ----------- ##
## Core tests. ##
## ----------- ##

configure:1543: checking build system type
configure:1561: result: i686-pc-linux-gnu
configure:1569: checking host system type
configure:1583: result: i686-pc-linux-gnu
configure:1591: checking target system type
configure:1605: result: i686-pc-linux-gnu
configure:1622: checking GC version numbers
configure:1660: result: major=6 minor=4 
configure:1678: checking for a BSD-compatible install
configure:1733: result: /usr/bin/install -c
configure:1744: checking whether build environment is sane
configure:1787: result: yes
configure:1820: checking for gawk
configure:1849: result: no
configure:1820: checking for mawk
configure:1836: found /usr/bin/mawk
configure:1846: result: mawk
configure:1856: checking whether make sets $(MAKE)
configure:1876: result: yes
configure:2071: checking for gcc
configure:2087: found /usr/bin/gcc
configure:2097: result: gcc
configure:2341: checking for C compiler version
configure:2344: gcc --version </dev/null >&5
gcc (Ubuntu/Linaro 4.7.2-2ubuntu1) 4.7.2
Copyright (C) 2012 Free Software Foundation, Inc.
This is free software; see the source for copying conditions.  There is NO
warranty; not even for MERCHANTABILITY or FITNESS FOR A PARTICULAR PURPOSE.

configure:2347: $? = 0
configure:2349: gcc -v </dev/null >&5
Using built-in specs.
COLLECT_GCC=gcc
COLLECT_LTO_WRAPPER=/usr/lib/gcc/i686-linux-gnu/4.7/lto-wrapper
Target: i686-linux-gnu
Configured with: ../src/configure -v --with-pkgversion='Ubuntu/Linaro 4.7.2-2ubuntu1' --with-bugurl=file:///usr/share/doc/gcc-4.7/README.Bugs --enable-languages=c,c++,go,fortran,objc,obj-c++ --prefix=/usr --program-suffix=-4.7 --enable-shared --enable-linker-build-id --with-system-zlib --libexecdir=/usr/lib --without-included-gettext --enable-threads=posix --with-gxx-include-dir=/usr/include/c++/4.7 --libdir=/usr/lib --enable-nls --with-sysroot=/ --enable-clocale=gnu --enable-libstdcxx-debug --enable-libstdcxx-time=yes --enable-gnu-unique-object --enable-plugin --enable-objc-gc --enable-targets=all --disable-werror --with-arch-32=i686 --with-tune=generic --enable-checking=release --build=i686-linux-gnu --host=i686-linux-gnu --target=i686-linux-gnu
Thread model: posix
gcc version 4.7.2 (Ubuntu/Linaro 4.7.2-2ubuntu1) 
configure:2352: $? = 0
configure:2354: gcc -V </dev/null >&5
gcc: error: unrecognized command line option '-V'
gcc: fatal error: no input files
compilation terminated.
configure:2357: $? = 4
configure:2380: checking for C compiler default output file name
configure:2383: gcc    conftest.c  >&5
configure:2386: $? = 0
configure:2432: result: a.out
configure:2437: checking whether the C compiler works
configure:2443: ./a.out
configure:2446: $? = 0
configure:2463: result: yes
configure:2470: checking whether we are cross compiling
configure:2472: result: no
configure:2475: checking for suffix of executables
configure:2477: gcc -o conftest    conftest.c  >&5
configure:2480: $? = 0
configure:2505: result: 
configure:2511: checking for suffix of object files
configure:2532: gcc -c   conftest.c >&5
configure:2535: $? = 0
configure:2557: result: o
configure:2561: checking whether we are using the GNU C compiler
configure:2585: gcc -c   conftest.c >&5
configure:2591: $? = 0
configure:2594: test -z 			 || test ! -s conftest.err
configure:2597: $? = 0
configure:2600: test -s conftest.o
configure:2603: $? = 0
configure:2616: result: yes
configure:2622: checking whether gcc accepts -g
configure:2643: gcc -c -g  conftest.c >&5
configure:2649: $? = 0
configure:2652: test -z 			 || test ! -s conftest.err
configure:2655: $? = 0
configure:2658: test -s conftest.o
configure:2661: $? = 0
configure:2672: result: yes
configure:2689: checking for gcc option to accept ANSI C
configure:2759: gcc  -c -g -O2  conftest.c >&5
configure:2765: $? = 0
configure:2768: test -z 			 || test ! -s conftest.err
configure:2771: $? = 0
configure:2774: test -s conftest.o
configure:2777: $? = 0
configure:2795: result: none needed
configure:2813: gcc -c -g -O2  conftest.c >&5
conftest.c:2:3: error: unknown type name 'choke'
conftest.c:2:3: error: expected '=', ',', ';', 'asm' or '__attribute__' at end of input
configure:2819: $? = 1
configure: failed program was:
| #ifndef __cplusplus
|   choke me
| #endif
configure:2968: checking for style of include used by make
configure:2996: result: GNU
configure:3024: checking dependency style of gcc
configure:3086: result: gcc3
configure:3143: checking for g++
configure:3159: found /usr/bin/g++
configure:3169: result: g++
configure:3185: checking for C++ compiler version
configure:3188: g++ --version </dev/null >&5
g++ (Ubuntu/Linaro 4.7.2-2ubuntu1) 4.7.2
Copyright (C) 2012 Free Software Foundation, Inc.
This is free software; see the source for copying conditions.  There is NO
warranty; not even for MERCHANTABILITY or FITNESS FOR A PARTICULAR PURPOSE.

configure:3191: $? = 0
configure:3193: g++ -v </dev/null >&5
Using built-in specs.
COLLECT_GCC=g++
COLLECT_LTO_WRAPPER=/usr/lib/gcc/i686-linux-gnu/4.7/lto-wrapper
Target: i686-linux-gnu
Configured with: ../src/configure -v --with-pkgversion='Ubuntu/Linaro 4.7.2-2ubuntu1' --with-bugurl=file:///usr/share/doc/gcc-4.7/README.Bugs --enable-languages=c,c++,go,fortran,objc,obj-c++ --prefix=/usr --program-suffix=-4.7 --enable-shared --enable-linker-build-id --with-system-zlib --libexecdir=/usr/lib --without-included-gettext --enable-threads=posix --with-gxx-include-dir=/usr/include/c++/4.7 --libdir=/usr/lib --enable-nls --with-sysroot=/ --enable-clocale=gnu --enable-libstdcxx-debug --enable-libstdcxx-time=yes --enable-gnu-unique-object --enable-plugin --enable-objc-gc --enable-targets=all --disable-werror --with-arch-32=i686 --with-tune=generic --enable-checking=release --build=i686-linux-gnu --host=i686-linux-gnu --target=i686-linux-gnu
Thread model: posix
gcc version 4.7.2 (Ubuntu/Linaro 4.7.2-2ubuntu1) 
configure:3196: $? = 0
configure:3198: g++ -V </dev/null >&5
g++: error: unrecognized command line option '-V'
g++: fatal error: no input files
compilation terminated.
configure:3201: $? = 4
configure:3204: checking whether we are using the GNU C++ compiler
configure:3228: g++ -c   conftest.cc >&5
configure:3234: $? = 0
configure:3237: test -z 			 || test ! -s conftest.err
configure:3240: $? = 0
configure:3243: test -s conftest.o
configure:3246: $? = 0
configure:3259: result: yes
configure:3265: checking whether g++ accepts -g
configure:3286: g++ -c -g  conftest.cc >&5
configure:3292: $? = 0
configure:3295: test -z 			 || test ! -s conftest.err
configure:3298: $? = 0
configure:3301: test -s conftest.o
configure:3304: $? = 0
configure:3315: result: yes
configure:3357: g++ -c -g -O2  conftest.cc >&5
configure:3363: $? = 0
configure:3366: test -z 			 || test ! -s conftest.err
configure:3369: $? = 0
configure:3372: test -s conftest.o
configure:3375: $? = 0
configure:3401: g++ -c -g -O2  conftest.cc >&5
conftest.cc: In function 'int main()':
conftest.cc:17:9: error: 'exit' was not declared in this scope
configure:3407: $? = 1
configure: failed program was:
| /* confdefs.h.  */
| 
| #define PACKAGE_NAME "gc"
| #define PACKAGE_TARNAME "gc"
| #define PACKAGE_VERSION "6.4"
| #define PACKAGE_STRING "gc 6.4"
| #define PACKAGE_BUGREPORT "Hans.Boehm@hp.com"
| #define GC_VERSION_MAJOR 6
| #define GC_VERSION_MINOR 4
| #define PACKAGE "gc"
| #define VERSION "6.4"
| /* end confdefs.h.  */
| 
| int
| main ()
| {
| exit (42);
|   ;
|   return 0;
| }
configure:3357: g++ -c -g -O2  conftest.cc >&5
conftest.cc:13:40: error: 'void std::exit(int)' should have been declared inside 'std'
configure:3363: $? = 1
configure: failed program was:
| /* confdefs.h.  */
| 
| #define PACKAGE_NAME "gc"
| #define PACKAGE_TARNAME "gc"
| #define PACKAGE_VERSION "6.4"
| #define PACKAGE_STRING "gc 6.4"
| #define PACKAGE_BUGREPORT "Hans.Boehm@hp.com"
| #define GC_VERSION_MAJOR 6
| #define GC_VERSION_MINOR 4
| #define PACKAGE "gc"
| #define VERSION "6.4"
| /* end confdefs.h.  */
| extern "C" void std::exit (int) throw (); using std::exit;
| #include <stdlib.h>
| int
| main ()
| {
| exit (42);
|   ;
|   return 0;
| }
configure:3357: g++ -c -g -O2  conftest.cc >&5
conftest.cc:13:31: error: 'void std::exit(int)' should have been declared inside 'std'
In file included from conftest.cc:14:0:
/usr/include/stdlib.h:544:70: error: declaration of 'void std::exit(int) throw ()' has a different exception specifier
conftest.cc:13:17: error: from previous declaration 'void std::exit(int)'
configure:3363: $? = 1
configure: failed program was:
| /* confdefs.h.  */
| 
| #define PACKAGE_NAME "gc"
| #define PACKAGE_TARNAME "gc"
| #define PACKAGE_VERSION "6.4"
| #define PACKAGE_STRING "gc 6.4"
| #define PACKAGE_BUGREPORT "Hans.Boehm@hp.com"
| #define GC_VERSION_MAJOR 6
| #define GC_VERSION_MINOR 4
| #define PACKAGE "gc"
| #define VERSION "6.4"
| /* end confdefs.h.  */
| extern "C" void std::exit (int); using std::exit;
| #include <stdlib.h>
| int
| main ()
| {
| exit (42);
|   ;
|   return 0;
| }
configure:3357: g++ -c -g -O2  conftest.cc >&5
configure:3363: $? = 0
configure:3366: test -z 			 || test ! -s conftest.err
configure:3369: $? = 0
configure:3372: test -s conftest.o
configure:3375: $? = 0
configure:3401: g++ -c -g -O2  conftest.cc >&5
configure:3407: $? = 0
configure:3410: test -z 			 || test ! -s conftest.err
configure:3413: $? = 0
configure:3416: test -s conftest.o
configure:3419: $? = 0
configure:3444: checking dependency style of g++
configure:3506: result: gcc3
configure:3560: checking for ar
configure:3576: found /usr/bin/ar
configure:3586: result: ar
configure:3639: checking for ranlib
configure:3655: found /usr/bin/ranlib
configure:3666: result: ranlib
configure:3692: checking for a BSD-compatible install
configure:3747: result: /usr/bin/install -c
configure:3759: checking whether to enable maintainer-specific portions of Makefiles
configure:3768: result: no
configure:3794: checking for thread model used by GCC
configure:3800: result: posix
configure:4056: checking for dlopen in -ldl
configure:4086: gcc -o conftest -g -O2   conftest.c -ldl   >&5
configure:4092: $? = 0
configure:4095: test -z 			 || test ! -s conftest.err
configure:4098: $? = 0
configure:4101: test -s conftest
configure:4104: $? = 0
configure:4117: result: yes
configure:4181: checking whether to build shared libraries
configure:4213: result: yes
configure:4220: checking which machine-dependent code should be used
configure:4283: result: 
configure:4359: checking for ld used by GCC
configure:4422: result: /usr/bin/ld
configure:4431: checking if the linker (/usr/bin/ld) is GNU ld
GNU ld (GNU Binutils for Ubuntu) 2.22.90.20120924
configure:4443: result: yes
configure:4448: checking for /usr/bin/ld option to reload object files
configure:4455: result: -r
configure:4460: checking for BSD-compatible nm
configure:4496: result: /usr/bin/nm -B
configure:4499: checking whether ln -s works
configure:4503: result: yes
configure:4510: checking how to recognise dependant libraries
configure:4688: result: pass_all
configure:4700: checking command to parse /usr/bin/nm -B output
configure:4781: gcc -c -g -O2  conftest.c >&5
configure:4784: $? = 0
configure:4788: /usr/bin/nm -B conftest.o \| sed -n -e 's/^.*[ 	]\([ABCDGISTW][ABCDGISTW]*\)[ 	][ 	]*\(\)\([_A-Za-z][_A-Za-z0-9]*\)$/\1 \2\3 \3/p' \> conftest.nm
configure:4791: $? = 0
configure:4843: gcc -o conftest -g -O2   conftest.c conftstm.o >&5
configure:4846: $? = 0
configure:4890: result: ok
configure:4899: checking how to run the C preprocessor
configure:4934: gcc -E  conftest.c
configure:4940: $? = 0
configure:4972: gcc -E  conftest.c
conftest.c:19:28: fatal error: ac_nonexistent.h: No such file or directory
compilation terminated.
configure:4978: $? = 1
configure: failed program was:
| /* confdefs.h.  */
| 
| #define PACKAGE_NAME "gc"
| #define PACKAGE_TARNAME "gc"
| #define PACKAGE_VERSION "6.4"
| #define PACKAGE_STRING "gc 6.4"
| #define PACKAGE_BUGREPORT "Hans.Boehm@hp.com"
| #define GC_VERSION_MAJOR 6
| #define GC_VERSION_MINOR 4
| #define PACKAGE "gc"
| #define VERSION "6.4"
| #ifdef __cplusplus
| extern "C" void exit (int) throw ();
| #endif
| #define GC_LINUX_THREADS 1
| #define _REENTRANT 1
| #define THREAD_LOCAL_ALLOC 1
| /* end confdefs.h.  */
| #include <ac_nonexistent.h>
configure:5017: result: gcc -E
configure:5041: gcc -E  conftest.c
configure:5047: $? = 0
configure:5079: gcc -E  conftest.c
conftest.c:19:28: fatal error: ac_nonexistent.h: No such file or directory
compilation terminated.
configure:5085: $? = 1
configure: failed program was:
| /* confdefs.h.  */
| 
| #define PACKAGE_NAME "gc"
| #define PACKAGE_TARNAME "gc"
| #define PACKAGE_VERSION "6.4"
| #define PACKAGE_STRING "gc 6.4"
| #define PACKAGE_BUGREPORT "Hans.Boehm@hp.com"
| #define GC_VERSION_MAJOR 6
| #define GC_VERSION_MINOR 4
| #define PACKAGE "gc"
| #define VERSION "6.4"
| #ifdef __cplusplus
| extern "C" void exit (int) throw ();
| #endif
| #define GC_LINUX_THREADS 1
| #define _REENTRANT 1
| #define THREAD_LOCAL_ALLOC 1
| /* end confdefs.h.  */
| #include <ac_nonexistent.h>
configure:5129: checking for egrep
configure:5139: result: grep -E
configure:5144: checking for ANSI C header files
configure:5169: gcc -c -g -O2  conftest.c >&5
configure:5175: $? = 0
configure:5178: test -z 			 || test ! -s conftest.err
configure:5181: $? = 0
configure:5184: test -s conftest.o
configure:5187: $? = 0
configure:5276: gcc -o conftest -g -O2   conftest.c  >&5
conftest.c: In function 'main':
conftest.c:36:7: warning: incompatible implicit declaration of built-in function 'exit' [enabled by default]
configure:5279: $? = 0
configure:5281: ./conftest
configure:5284: $? = 0
configure:5299: result: yes
configure:5323: checking for sys/types.h
configure:5339: gcc -c -g -O2  conftest.c >&5
configure:5345: $? = 0
configure:5348: test -z 			 || test ! -s conftest.err
configure:5351: $? = 0
configure:5354: test -s conftest.o
configure:5357: $? = 0
configure:5368: result: yes
configure:5323: checking for sys/stat.h
configure:5339: gcc -c -g -O2  conftest.c >&5
configure:5345: $? = 0
configure:5348: test -z 			 || test ! -s conftest.err
configure:5351: $? = 0
configure:5354: test -s conftest.o
configure:5357: $? = 0
configure:5368: result: yes
configure:5323: checking for stdlib.h
configure:5339: gcc -c -g -O2  conftest.c >&5
configure:5345: $? = 0
configure:5348: test -z 			 || test ! -s conftest.err
configure:5351: $? = 0
configure:5354: test -s conftest.o
configure:5357: $? = 0
configure:5368: result: yes
configure:5323: checking for string.h
configure:5339: gcc -c -g -O2  conftest.c >&5
configure:5345: $? = 0
configure:5348: test -z 			 || test ! -s conftest.err
configure:5351: $? = 0
configure:5354: test -s conftest.o
configure:5357: $? = 0
configure:5368: result: yes
configure:5323: checking for memory.h
configure:5339: gcc -c -g -O2  conftest.c >&5
configure:5345: $? = 0
configure:5348: test -z 			 || test ! -s conftest.err
configure:5351: $? = 0
configure:5354: test -s conftest.o
configure:5357: $? = 0
configure:5368: result: yes
configure:5323: checking for strings.h
configure:5339: gcc -c -g -O2  conftest.c >&5
configure:5345: $? = 0
configure:5348: test -z 			 || test ! -s conftest.err
configure:5351: $? = 0
configure:5354: test -s conftest.o
configure:5357: $? = 0
configure:5368: result: yes
configure:5323: checking for inttypes.h
configure:5339: gcc -c -g -O2  conftest.c >&5
configure:5345: $? = 0
configure:5348: test -z 			 || test ! -s conftest.err
configure:5351: $? = 0
configure:5354: test -s conftest.o
configure:5357: $? = 0
configure:5368: result: yes
configure:5323: checking for stdint.h
configure:5339: gcc -c -g -O2  conftest.c >&5
configure:5345: $? = 0
configure:5348: test -z 			 || test ! -s conftest.err
configure:5351: $? = 0
configure:5354: test -s conftest.o
configure:5357: $? = 0
configure:5368: result: yes
configure:5323: checking for unistd.h
configure:5339: gcc -c -g -O2  conftest.c >&5
configure:5345: $? = 0
configure:5348: test -z 			 || test ! -s conftest.err
configure:5351: $? = 0
configure:5354: test -s conftest.o
configure:5357: $? = 0
configure:5368: result: yes
configure:5394: checking dlfcn.h usability
configure:5406: gcc -c -g -O2  conftest.c >&5
configure:5412: $? = 0
configure:5415: test -z 			 || test ! -s conftest.err
configure:5418: $? = 0
configure:5421: test -s conftest.o
configure:5424: $? = 0
configure:5434: result: yes
configure:5438: checking dlfcn.h presence
configure:5448: gcc -E  conftest.c
configure:5454: $? = 0
configure:5474: result: yes
configure:5509: checking for dlfcn.h
configure:5516: result: yes
configure:5713: checking for ranlib
configure:5740: result: ranlib
configure:5793: checking for strip
configure:5809: found /usr/bin/strip
configure:5820: result: strip
configure:6039: checking for objdir
configure:6050: result: .libs
configure:6067: checking for gcc option to produce PIC
configure:6217: result: -fPIC
configure:6221: checking if gcc PIC flag -fPIC works
configure:6244: gcc -c -g -O2 -fPIC -DPIC  conftest.c >&5
configure:6250: $? = 0
configure:6253: test -z 			 || test ! -s conftest.err
configure:6256: $? = 0
configure:6259: test -s conftest.o
configure:6262: $? = 0
configure:6300: result: yes
configure:6316: checking if gcc static flag -static works
configure:6340: gcc -o conftest -g -O2   -static conftest.c  >&5
configure:6346: $? = 0
configure:6349: test -z 			 || test ! -s conftest.err
configure:6352: $? = 0
configure:6355: test -s conftest
configure:6358: $? = 0
configure:6375: result: yes
configure:6387: checking if gcc supports -c -o file.o
configure:6407: gcc -c -g -O2 -o out/conftest2.o  conftest.c >&5
configure:6431: result: yes
configure:6436: checking if gcc supports -c -o file.lo
configure:6463: gcc -c -g -O2 -c -o conftest.lo  conftest.c >&5
configure:6469: $? = 0
configure:6472: test -z 			 || test ! -s conftest.err
configure:6475: $? = 0
configure:6478: test -s conftest.lo
configure:6481: $? = 0
configure:6503: result: yes
configure:6534: checking if gcc supports -fno-rtti -fno-exceptions
configure:6556: gcc -c -g -O2 -fno-rtti -fno-exceptions -c conftest.c  conftest.c >&5
cc1: warning: command line option '-fno-rtti' is valid for C++/ObjC++ but not for C [enabled by default]
cc1: warning: command line option '-fno-rtti' is valid for C++/ObjC++ but not for C [enabled by default]
configure:6562: $? = 0
configure:6565: test -z 			 || test ! -s conftest.err
configure:6568: $? = 0
configure:6571: test -s conftest.o
configure:6574: $? = 0
configure:6591: result: no
configure:6602: checking whether the linker (/usr/bin/ld) supports shared libraries
configure:7282: result: yes
configure:7287: checking how to hardcode library paths into programs
configure:7311: result: immediate
configure:7316: checking whether stripping libraries is possible
configure:7321: result: yes
configure:7332: checking dynamic linker characteristics
configure:7725: result: GNU/Linux ld.so
configure:7730: checking if libtool supports shared libraries
configure:7732: result: yes
configure:7735: checking whether to build shared libraries
configure:7756: result: yes
configure:7759: checking whether to build static libraries
configure:7763: result: yes
configure:8507: checking whether -lc should be explicitly linked in
configure:8515: gcc -c -g -O2  conftest.c >&5
configure:8518: $? = 0
configure:8532: gcc -shared conftest.o  -v -Wl,-soname -Wl,conftest -o conftest 2\>\&1 \| grep  -lc  \>/dev/null 2\>\&1
configure:8535: $? = 0
configure:8548: result: no
configure:9133: checking sys/dg_sys_info.h usability
configure:9145: gcc -c -g -O2  conftest.c >&5
conftest.c:64:29: fatal error: sys/dg_sys_info.h: No such file or directory
compilation terminated.
configure:9151: $? = 1
configure: failed program was:
| /* confdefs.h.  */
| 
| #define PACKAGE_NAME "gc"
| #define PACKAGE_TARNAME "gc"
| #define PACKAGE_VERSION "6.4"
| #define PACKAGE_STRING "gc 6.4"
| #define PACKAGE_BUGREPORT "Hans.Boehm@hp.com"
| #define GC_VERSION_MAJOR 6
| #define GC_VERSION_MINOR 4
| #define PACKAGE "gc"
| #define VERSION "6.4"
| #ifdef __cplusplus
| extern "C" void exit (int) throw ();
| #endif
| #define GC_LINUX_THREADS 1
| #define _REENTRANT 1
| #define THREAD_LOCAL_ALLOC 1
| #define STDC_HEADERS 1
| #define HAVE_SYS_TYPES_H 1
| #define HAVE_SYS_STAT_H 1
| #define HAVE_STDLIB_H 1
| #define HAVE_STRING_H 1
| #define HAVE_MEMORY_H 1
| #define HAVE_STRINGS_H 1
| #define HAVE_INTTYPES_H 1
| #define HAVE_STDINT_H 1
| #define HAVE_UNISTD_H 1
| #define HAVE_DLFCN_H 1
| /* end confdefs.h.  */
| #include <stdio.h>
| #if HAVE_SYS_TYPES_H
| # include <sys/types.h>
| #endif
| #if HAVE_SYS_STAT_H
| # include <sys/stat.h>
| #endif
| #if STDC_HEADERS
| # include <stdlib.h>
| # include <stddef.h>
| #else
| # if HAVE_STDLIB_H
| #  include <stdlib.h>
| # endif
| #endif
| #if HAVE_STRING_H
| # if !STDC_HEADERS && HAVE_MEMORY_H
| #  include <memory.h>
| # endif
| # include <string.h>
| #endif
| #if HAVE_STRINGS_H
| # include <strings.h>
| #endif
| #if HAVE_INTTYPES_H
| # include <inttypes.h>
| #else
| # if HAVE_STDINT_H
| #  include <stdint.h>
| # endif
| #endif
| #if HAVE_UNISTD_H
| # include <unistd.h>
| #endif
| #include <sys/dg_sys_info.h>
configure:9173: result: no
configure:9177: checking sys/dg_sys_info.h presence
configure:9187: gcc -E  conftest.c
conftest.c:30:29: fatal error: sys/dg_sys_info.h: No such file or directory
compilation terminated.
configure:9193: $? = 1
configure: failed program was:
| /* confdefs.h.  */
| 
| #define PACKAGE_NAME "gc"
| #define PACKAGE_TARNAME "gc"
| #define PACKAGE_VERSION "6.4"
| #define PACKAGE_STRING "gc 6.4"
| #define PACKAGE_BUGREPORT "Hans.Boehm@hp.com"
| #define GC_VERSION_MAJOR 6
| #define GC_VERSION_MINOR 4
| #define PACKAGE "gc"
| #define VERSION "6.4"
| #ifdef __cplusplus
| extern "C" void exit (int) throw ();
| #endif
| #define GC_LINUX_THREADS 1
| #define _REENTRANT 1
| #define THREAD_LOCAL_ALLOC 1
| #define STDC_HEADERS 1
| #define HAVE_SYS_TYPES_H 1
| #define HAVE_SYS_STAT_H 1
| #define HAVE_STDLIB_H 1
| #define HAVE_STRING_H 1
| #define HAVE_MEMORY_H 1
| #define HAVE_STRINGS_H 1
| #define HAVE_INTTYPES_H 1
| #define HAVE_STDINT_H 1
| #define HAVE_UNISTD_H 1
| #define HAVE_DLFCN_H 1
| /* end confdefs.h.  */
| #include <sys/dg_sys_info.h>
configure:9213: result: no
configure:9248: checking for sys/dg_sys_info.h
configure:9255: result: no
configure:9302: checking whether Solaris gcc optimization fix is necessary
configure:9325: result: no
configure:9720: creating ./config.status

## ---------------------- ##
## Running config.status. ##
## ---------------------- ##

This file was extended by gc config.status 6.4, which was
generated by GNU Autoconf 2.59.  Invocation command line was

  CONFIG_FILES    = 
  CONFIG_HEADERS  = 
  CONFIG_LINKS    = 
  CONFIG_COMMANDS = 
  $ ./config.status 

on qianyi-Lenovo-G480

config.status:769: creating Makefile
config.status:769: creating doc/Makefile
config.status:769: creating include/Makefile
config.status:914: executing depfiles commands
config.status:914: executing default commands

## ---------------- ##
## Cache variables. ##
## ---------------- ##

ac_cv_build=i686-pc-linux-gnu
ac_cv_build_alias=i686-pc-linux-gnu
ac_cv_c_compiler_gnu=yes
ac_cv_cxx_compiler_gnu=yes
ac_cv_env_CC_set=
ac_cv_env_CC_value=
ac_cv_env_CFLAGS_set=
ac_cv_env_CFLAGS_value=
ac_cv_env_CPPFLAGS_set=
ac_cv_env_CPPFLAGS_value=
ac_cv_env_CPP_set=
ac_cv_env_CPP_value=
ac_cv_env_CXXFLAGS_set=
ac_cv_env_CXXFLAGS_value=
ac_cv_env_CXX_set=
ac_cv_env_CXX_value=
ac_cv_env_LDFLAGS_set=
ac_cv_env_LDFLAGS_value=
ac_cv_env_build_alias_set=
ac_cv_env_build_alias_value=
ac_cv_env_host_alias_set=
ac_cv_env_host_alias_value=
ac_cv_env_target_alias_set=
ac_cv_env_target_alias_value=
ac_cv_exeext=
ac_cv_header_dlfcn_h=yes
ac_cv_header_inttypes_h=yes
ac_cv_header_memory_h=yes
ac_cv_header_stdc=yes
ac_cv_header_stdint_h=yes
ac_cv_header_stdlib_h=yes
ac_cv_header_string_h=yes
ac_cv_header_strings_h=yes
ac_cv_header_sys_dg_sys_info_h=no
ac_cv_header_sys_stat_h=yes
ac_cv_header_sys_types_h=yes
ac_cv_header_unistd_h=yes
ac_cv_host=i686-pc-linux-gnu
ac_cv_host_alias=i686-pc-linux-gnu
ac_cv_lib_dl_dlopen=yes
ac_cv_objext=o
ac_cv_path_install='/usr/bin/install -c'
ac_cv_prog_AWK=mawk
ac_cv_prog_CPP='gcc -E'
ac_cv_prog_ac_ct_AR=ar
ac_cv_prog_ac_ct_CC=gcc
ac_cv_prog_ac_ct_CXX=g++
ac_cv_prog_ac_ct_RANLIB=ranlib
ac_cv_prog_ac_ct_STRIP=strip
ac_cv_prog_cc_g=yes
ac_cv_prog_cc_stdc=
ac_cv_prog_cxx_g=yes
ac_cv_prog_egrep='grep -E'
ac_cv_prog_make_make_set=yes
ac_cv_target=i686-pc-linux-gnu
ac_cv_target_alias=i686-pc-linux-gnu
am_cv_CC_dependencies_compiler_type=gcc3
am_cv_CXX_dependencies_compiler_type=gcc3
lt_cv_archive_cmds_need_lc=no
lt_cv_compiler_c_o=yes
lt_cv_compiler_o_lo=yes
lt_cv_deplibs_check_method=pass_all
lt_cv_file_magic_cmd='$MAGIC_CMD'
lt_cv_file_magic_test_file='/lib/libc.so* /lib/libc-*.so'
lt_cv_global_symbol_to_c_name_address='sed -n -e '\''s/^: \([^ ]*\) $/  {\"\1\", (lt_ptr) 0},/p'\'' -e '\''s/^[BCDEGRST] \([^ ]*\) \([^ ]*\)$/  {"\2", (lt_ptr) \&\2},/p'\'''
lt_cv_global_symbol_to_cdecl='sed -n -e '\''s/^. .* \(.*\)$/extern char \1;/p'\'''
lt_cv_ld_reload_flag=-r
lt_cv_path_LD=/usr/bin/ld
lt_cv_path_NM='/usr/bin/nm -B'
lt_cv_prog_cc_can_build_shared=yes
lt_cv_prog_cc_no_builtin=
lt_cv_prog_cc_pic=' -fPIC'
lt_cv_prog_cc_pic_works=yes
lt_cv_prog_cc_shlib=
lt_cv_prog_cc_static=-static
lt_cv_prog_cc_static_works=yes
lt_cv_prog_cc_wl=-Wl,
lt_cv_prog_gnu_ld=yes
lt_cv_sys_global_symbol_pipe='sed -n -e '\''s/^.*[ 	]\([ABCDGISTW][ABCDGISTW]*\)[ 	][ 	]*\(\)\([_A-Za-z][_A-Za-z0-9]*\)$/\1 \2\3 \3/p'\'''

## ----------------- ##
## Output variables. ##
## ----------------- ##

ACLOCAL='${SHELL} /home/qianyi/.emacs.d/emacs-plugins/gc/missing --run aclocal-1.6'
AMDEPBACKSLASH='\'
AMDEP_FALSE='#'
AMDEP_TRUE=''
AMTAR='${SHELL} /home/qianyi/.emacs.d/emacs-plugins/gc/missing --run tar'
AR='ar'
AUTOCONF='${SHELL} /home/qianyi/.emacs.d/emacs-plugins/gc/missing --run autoconf'
AUTOHEADER='${SHELL} /home/qianyi/.emacs.d/emacs-plugins/gc/missing --run autoheader'
AUTOMAKE='${SHELL} /home/qianyi/.emacs.d/emacs-plugins/gc/missing --run automake-1.6'
AWK='mawk'
CC='gcc'
CCAS='$(CC)'
CCASFLAGS='$(CFLAGS)'
CCDEPMODE='depmode=gcc3'
CFLAGS='-g -O2'
CPLUSPLUS_FALSE=''
CPLUSPLUS_TRUE='#'
CPP='gcc -E'
CPPFLAGS=''
CXX='g++'
CXXDEPMODE='depmode=gcc3'
CXXFLAGS='-g -O2'
CXXINCLUDES=''
DEFS='-DPACKAGE_NAME=\"gc\" -DPACKAGE_TARNAME=\"gc\" -DPACKAGE_VERSION=\"6.4\" -DPACKAGE_STRING=\"gc\ 6.4\" -DPACKAGE_BUGREPORT=\"Hans.Boehm@hp.com\" -DGC_VERSION_MAJOR=6 -DGC_VERSION_MINOR=4 -DPACKAGE=\"gc\" -DVERSION=\"6.4\" -DGC_LINUX_THREADS=1 -D_REENTRANT=1 -DTHREAD_LOCAL_ALLOC=1 -DSTDC_HEADERS=1 -DHAVE_SYS_TYPES_H=1 -DHAVE_SYS_STAT_H=1 -DHAVE_STDLIB_H=1 -DHAVE_STRING_H=1 -DHAVE_MEMORY_H=1 -DHAVE_STRINGS_H=1 -DHAVE_INTTYPES_H=1 -DHAVE_STDINT_H=1 -DHAVE_UNISTD_H=1 -DHAVE_DLFCN_H=1 -DSILENT=1 -DNO_SIGNALS=1 -DNO_EXECUTE_PERMISSION=1 -DALL_INTERIOR_POINTERS=1 -DJAVA_FINALIZATION=1 -DGC_GCJ_SUPPORT=1 -DATOMIC_UNCOLLECTABLE=1 '
DEPDIR='.deps'
ECHO='echo'
ECHO_C=''
ECHO_N='-n'
ECHO_T=''
EGREP='grep -E'
EXEEXT=''
EXTRA_TEST_LIBS=''
GC_CFLAGS=' -fexceptions'
GC_VERSION=''
INCLUDES='-I./include'
INSTALL_DATA='${INSTALL} -m 644'
INSTALL_PROGRAM='${INSTALL}'
INSTALL_SCRIPT='${INSTALL}'
INSTALL_STRIP_PROGRAM='${SHELL} $(install_sh) -c -s'
LDFLAGS=''
LIBOBJS=''
LIBS=''
LIBTOOL='$(SHELL) $(top_builddir)/libtool'
LN_S='ln -s'
LTLIBOBJS=''
MAINT='#'
MAINTAINER_MODE_FALSE=''
MAINTAINER_MODE_TRUE='#'
MAKEINFO='${SHELL} /home/qianyi/.emacs.d/emacs-plugins/gc/missing --run makeinfo'
MY_CFLAGS='-g -O2'
OBJEXT='o'
PACKAGE='gc'
PACKAGE_BUGREPORT='Hans.Boehm@hp.com'
PACKAGE_NAME='gc'
PACKAGE_STRING='gc 6.4'
PACKAGE_TARNAME='gc'
PACKAGE_VERSION='6.4'
PATH_SEPARATOR=':'
POWERPC_DARWIN_FALSE=''
POWERPC_DARWIN_TRUE='#'
RANLIB='ranlib'
SET_MAKE=''
SHELL='/bin/bash'
STRIP='strip'
THREADDLLIBS='-lpthread -ldl'
UNWINDLIBS=''
USE_LIBDIR_FALSE='#'
USE_LIBDIR_TRUE=''
VERSION='6.4'
ac_ct_AR='ar'
ac_ct_CC='gcc'
ac_ct_CXX='g++'
ac_ct_RANLIB='ranlib'
ac_ct_STRIP='strip'
addincludes=''
addlibs=''
addobjs=' mach_dep.lo'
addtests=''
am__include='include'
am__quote=''
bindir='${exec_prefix}/bin'
build='i686-pc-linux-gnu'
build_alias=''
build_cpu='i686'
build_os='linux-gnu'
build_vendor='pc'
datadir='${prefix}/share'
exec_prefix='${prefix}'
host='i686-pc-linux-gnu'
host_alias=''
host_cpu='i686'
host_os='linux-gnu'
host_vendor='pc'
includedir='${prefix}/include'
infodir='${prefix}/info'
install_sh='/home/qianyi/.emacs.d/emacs-plugins/gc/install-sh'
libdir='${exec_prefix}/lib'
libexecdir='${exec_prefix}/libexec'
localstatedir='${prefix}/var'
mandir='${prefix}/man'
oldincludedir='/usr/include'
prefix='/usr/local'
program_transform_name='s,x,x,'
sbindir='${exec_prefix}/sbin'
sharedstatedir='${prefix}/com'
sysconfdir='${prefix}/etc'
target='i686-pc-linux-gnu'
target_alias=''
target_all='libgc.la'
target_cpu='i686'
target_os='linux-gnu'
target_vendor='pc'

## ----------- ##
## confdefs.h. ##
## ----------- ##

#define ALL_INTERIOR_POINTERS 1
#define ATOMIC_UNCOLLECTABLE 1
#define GC_GCJ_SUPPORT 1
#define GC_LINUX_THREADS 1
#define GC_VERSION_MAJOR 6
#define GC_VERSION_MINOR 4
#define HAVE_DLFCN_H 1
#define HAVE_INTTYPES_H 1
#define HAVE_MEMORY_H 1
#define HAVE_STDINT_H 1
#define HAVE_STDLIB_H 1
#define HAVE_STRINGS_H 1
#define HAVE_STRING_H 1
#define HAVE_SYS_STAT_H 1
#define HAVE_SYS_TYPES_H 1
#define HAVE_UNISTD_H 1
#define JAVA_FINALIZATION 1
#define NO_EXECUTE_PERMISSION 1
#define NO_SIGNALS 1
#define PACKAGE "gc"
#define PACKAGE_BUGREPORT "Hans.Boehm@hp.com"
#define PACKAGE_NAME "gc"
#define PACKAGE_STRING "gc 6.4"
#define PACKAGE_TARNAME "gc"
#define PACKAGE_VERSION "6.4"
#define SILENT 1
#define STDC_HEADERS 1
#define THREAD_LOCAL_ALLOC 1
#define VERSION "6.4"
#define _REENTRANT 1
#endif
#ifdef __cplusplus
extern "C" void exit (int) throw ();

configure: exit 0
